d:\any_do\vs\mgdll\x64\release\audiovideoproc.lib
d:\any_do\vs\mgdll\x64\release\audiovideoproc.exp
d:\any_do\vs\mgdll\audiovideoproc\x64\release\audiovideoproc.pch
d:\any_do\vs\mgdll\audiovideoproc\x64\release\vc142.pdb
d:\any_do\vs\mgdll\audiovideoproc\x64\release\pch.obj
d:\any_do\vs\mgdll\audiovideoproc\x64\release\videocapmanager.obj
d:\any_do\vs\mgdll\audiovideoproc\x64\release\tool.obj
d:\any_do\vs\mgdll\audiovideoproc\x64\release\mediaframecapture.obj
d:\any_do\vs\mgdll\audiovideoproc\x64\release\log.obj
d:\any_do\vs\mgdll\audiovideoproc\x64\release\dllmain.obj
d:\any_do\vs\mgdll\audiovideoproc\x64\release\audiovideoprocmodule.obj
d:\any_do\vs\mgdll\audiovideoproc\x64\release\audiovideoproc.obj
d:\any_do\vs\mgdll\x64\release\audiovideoproc.dll
d:\any_do\vs\mgdll\audiovideoproc\x64\release\audiovideoproc.ipdb
d:\any_do\vs\mgdll\audiovideoproc\x64\release\audiovideoproc.iobj
d:\any_do\vs\mgdll\x64\release\audiovideoproc.pdb
d:\any_do\vs\mgdll\audiovideoproc\x64\release\audiovideoproc.res
d:\any_do\vs\mgdll\audiovideoproc\x64\release\audiovideoproc.tlog\audiovideoproc.write.1u.tlog
d:\any_do\vs\mgdll\audiovideoproc\x64\release\audiovideoproc.tlog\cl.command.1.tlog
d:\any_do\vs\mgdll\audiovideoproc\x64\release\audiovideoproc.tlog\cl.read.1.tlog
d:\any_do\vs\mgdll\audiovideoproc\x64\release\audiovideoproc.tlog\cl.write.1.tlog
d:\any_do\vs\mgdll\audiovideoproc\x64\release\audiovideoproc.tlog\link.command.1.tlog
d:\any_do\vs\mgdll\audiovideoproc\x64\release\audiovideoproc.tlog\link.read.1.tlog
d:\any_do\vs\mgdll\audiovideoproc\x64\release\audiovideoproc.tlog\link.write.1.tlog
d:\any_do\vs\mgdll\audiovideoproc\x64\release\audiovideoproc.tlog\rc.command.1.tlog
d:\any_do\vs\mgdll\audiovideoproc\x64\release\audiovideoproc.tlog\rc.read.1.tlog
d:\any_do\vs\mgdll\audiovideoproc\x64\release\audiovideoproc.tlog\rc.write.1.tlog
