d:\any_do\vs\mgdll\x64\debug\audiovideoproc.lib
d:\any_do\vs\mgdll\x64\debug\audiovideoproc.exp
d:\any_do\vs\mgdll\audiovideoproc\x64\debug\audiovideoproc.pch
d:\any_do\vs\mgdll\audiovideoproc\x64\debug\vc142.pdb
d:\any_do\vs\mgdll\audiovideoproc\x64\debug\vc142.idb
d:\any_do\vs\mgdll\audiovideoproc\x64\debug\pch.obj
d:\any_do\vs\mgdll\audiovideoproc\x64\debug\videocapmanager.obj
d:\any_do\vs\mgdll\audiovideoproc\x64\debug\tool.obj
d:\any_do\vs\mgdll\audiovideoproc\x64\debug\mediaframecapture.obj
d:\any_do\vs\mgdll\audiovideoproc\x64\debug\log.obj
d:\any_do\vs\mgdll\audiovideoproc\x64\debug\dllmain.obj
d:\any_do\vs\mgdll\audiovideoproc\x64\debug\audiovideoproc.obj
d:\any_do\vs\mgdll\audiovideoproc\x64\debug\audiovideoprocmodule.obj
d:\any_do\vs\mgdll\x64\debug\audiovideoproc.dll
d:\any_do\vs\mgdll\audiovideoproc\x64\debug\audiovideoproc.ilk
d:\any_do\vs\mgdll\x64\debug\audiovideoproc.pdb
d:\any_do\vs\mgdll\audiovideoproc\x64\debug\audiovideoproc.res
d:\any_do\vs\mgdll\audiovideoproc\x64\debug\audiovideoproc.tlog\audiovideoproc.write.1u.tlog
d:\any_do\vs\mgdll\audiovideoproc\x64\debug\audiovideoproc.tlog\cl.command.1.tlog
d:\any_do\vs\mgdll\audiovideoproc\x64\debug\audiovideoproc.tlog\cl.read.1.tlog
d:\any_do\vs\mgdll\audiovideoproc\x64\debug\audiovideoproc.tlog\cl.write.1.tlog
d:\any_do\vs\mgdll\audiovideoproc\x64\debug\audiovideoproc.tlog\link.23940.delete.1.tlog
d:\any_do\vs\mgdll\audiovideoproc\x64\debug\audiovideoproc.tlog\link.command.1.tlog
d:\any_do\vs\mgdll\audiovideoproc\x64\debug\audiovideoproc.tlog\link.read.1.tlog
d:\any_do\vs\mgdll\audiovideoproc\x64\debug\audiovideoproc.tlog\link.write.1.tlog
d:\any_do\vs\mgdll\audiovideoproc\x64\debug\audiovideoproc.tlog\rc.command.1.tlog
d:\any_do\vs\mgdll\audiovideoproc\x64\debug\audiovideoproc.tlog\rc.read.1.tlog
d:\any_do\vs\mgdll\audiovideoproc\x64\debug\audiovideoproc.tlog\rc.write.1.tlog
