  pch.cpp
  AudioVideoProc.cpp
  AudioVideoProcModule.cpp
  dllmain.cpp
  Log.cpp
  MediaFrameCapture.cpp
D:\VS2019\VS2019\VC\Tools\MSVC\14.29.30133\include\xstring(2541,23): warning C4244: “参数”: 从“wchar_t”转换到“const _Elem”，可能丢失数据
          with
          [
              _Elem=char
          ]
D:\VS2019\VS2019\VC\Tools\MSVC\14.29.30133\include\xstring(2552): message : 查看对正在编译的函数 模板 实例化“void std::basic_string<char,std::char_traits<char>,std::allocator<char>>::_Construct<wchar_t*>(_Iter,const _Iter,std::input_iterator_tag)”的引用
          with
          [
              _Iter=wchar_t *
          ]
D:\VS2019\VS2019\VC\Tools\MSVC\14.29.30133\include\xstring(2552): message : 查看对正在编译的函数 模板 实例化“void std::basic_string<char,std::char_traits<char>,std::allocator<char>>::_Construct<wchar_t*>(_Iter,const _Iter,std::input_iterator_tag)”的引用
          with
          [
              _Iter=wchar_t *
          ]
D:\VS2019\VS2019\VC\Tools\MSVC\14.29.30133\include\xstring(2532): message : 查看对正在编译的函数 模板 实例化“void std::basic_string<char,std::char_traits<char>,std::allocator<char>>::_Construct<wchar_t*>(const _Iter,const _Iter,std::forward_iterator_tag)”的引用
          with
          [
              _Iter=wchar_t *
          ]
D:\VS2019\VS2019\VC\Tools\MSVC\14.29.30133\include\xstring(2532): message : 查看对正在编译的函数 模板 实例化“void std::basic_string<char,std::char_traits<char>,std::allocator<char>>::_Construct<wchar_t*>(const _Iter,const _Iter,std::forward_iterator_tag)”的引用
          with
          [
              _Iter=wchar_t *
          ]
D:\Any_Do\VS\MGDLL\AudioVideoProc\MediaFrameCapture.cpp(23): message : 查看对正在编译的函数 模板 实例化“std::basic_string<char,std::char_traits<char>,std::allocator<char>>::basic_string<std::_String_iterator<std::_String_val<std::_Simple_types<_Elem>>>,0>(_Iter,_Iter,const _Alloc &)”的引用
          with
          [
              _Elem=wchar_t,
              _Iter=std::_String_iterator<std::_String_val<std::_Simple_types<wchar_t>>>,
              _Alloc=std::allocator<char>
          ]
D:\Any_Do\VS\MGDLL\AudioVideoProc\MediaFrameCapture.cpp(23): message : 查看对正在编译的函数 模板 实例化“std::basic_string<char,std::char_traits<char>,std::allocator<char>>::basic_string<std::_String_iterator<std::_String_val<std::_Simple_types<_Elem>>>,0>(_Iter,_Iter,const _Alloc &)”的引用
          with
          [
              _Elem=wchar_t,
              _Iter=std::_String_iterator<std::_String_val<std::_Simple_types<wchar_t>>>,
              _Alloc=std::allocator<char>
          ]
  Tool.cpp
  VideoCapManager.cpp
  正在生成代码...
    正在创建库 D:\Any_Do\VS\MGDLL\x64\Debug\AudioVideoProc.lib 和对象 D:\Any_Do\VS\MGDLL\x64\Debug\AudioVideoProc.exp
LINK : warning LNK4098: 默认库“MSVCRT”与其他库的使用冲突；请使用 /NODEFAULTLIB:library
  AudioVideoProc.vcxproj -> D:\Any_Do\VS\MGDLL\x64\Debug\AudioVideoProc.dll
