Performing C++ SOURCE FILE Test CMAKE_HAVE_LIBC_PTHREAD failed with the following output:
Change Dir: /data/home/awu666/lib/MyPorject/AudioVideoProc/build/CMakeFiles/CMakeTmp

Run Build Command(s):/usr/bin/make -f Makefile cmTC_7ac98/fast && /usr/bin/make  -f CMakeFiles/cmTC_7ac98.dir/build.make CMakeFiles/cmTC_7ac98.dir/build
make[1]: 进入目录“/data/home/awu666/lib/MyPorject/AudioVideoProc/build/CMakeFiles/CMakeTmp”
Building CXX object CMakeFiles/cmTC_7ac98.dir/src.cxx.o
/usr/bin/c++ -DCMAKE_HAVE_LIBC_PTHREAD  -std=gnu++17 -o CMakeFiles/cmTC_7ac98.dir/src.cxx.o -c /data/home/awu666/lib/MyPorject/AudioVideoProc/build/CMakeFiles/CMakeTmp/src.cxx
Linking CXX executable cmTC_7ac98
/usr/local/bin/cmake -E cmake_link_script CMakeFiles/cmTC_7ac98.dir/link.txt --verbose=1
/usr/bin/c++ CMakeFiles/cmTC_7ac98.dir/src.cxx.o -o cmTC_7ac98 
/usr/bin/ld: CMakeFiles/cmTC_7ac98.dir/src.cxx.o: in function `main':
src.cxx:(.text+0x2d): undefined reference to `pthread_create'
/usr/bin/ld: src.cxx:(.text+0x39): undefined reference to `pthread_detach'
/usr/bin/ld: src.cxx:(.text+0x45): undefined reference to `pthread_cancel'
/usr/bin/ld: src.cxx:(.text+0x56): undefined reference to `pthread_join'
collect2: error: ld returned 1 exit status
make[1]: *** [CMakeFiles/cmTC_7ac98.dir/build.make:99：cmTC_7ac98] 错误 1
make[1]: 离开目录“/data/home/awu666/lib/MyPorject/AudioVideoProc/build/CMakeFiles/CMakeTmp”
make: *** [Makefile:127：cmTC_7ac98/fast] 错误 2


Source file was:
#include <pthread.h>

static void* test_func(void* data)
{
  return data;
}

int main(void)
{
  pthread_t thread;
  pthread_create(&thread, NULL, test_func, NULL);
  pthread_detach(thread);
  pthread_cancel(thread);
  pthread_join(thread, NULL);
  pthread_atfork(NULL, NULL, NULL);
  pthread_exit(NULL);

  return 0;
}

Determining if the function pthread_create exists in the pthreads failed with the following output:
Change Dir: /data/home/awu666/lib/MyPorject/AudioVideoProc/build/CMakeFiles/CMakeTmp

Run Build Command(s):/usr/bin/make -f Makefile cmTC_c2b47/fast && /usr/bin/make  -f CMakeFiles/cmTC_c2b47.dir/build.make CMakeFiles/cmTC_c2b47.dir/build
make[1]: 进入目录“/data/home/awu666/lib/MyPorject/AudioVideoProc/build/CMakeFiles/CMakeTmp”
Building CXX object CMakeFiles/cmTC_c2b47.dir/CheckFunctionExists.cxx.o
/usr/bin/c++   -DCHECK_FUNCTION_EXISTS=pthread_create -std=gnu++17 -o CMakeFiles/cmTC_c2b47.dir/CheckFunctionExists.cxx.o -c /data/home/awu666/lib/MyPorject/AudioVideoProc/build/CMakeFiles/CheckLibraryExists/CheckFunctionExists.cxx
Linking CXX executable cmTC_c2b47
/usr/local/bin/cmake -E cmake_link_script CMakeFiles/cmTC_c2b47.dir/link.txt --verbose=1
/usr/bin/c++  -DCHECK_FUNCTION_EXISTS=pthread_create CMakeFiles/cmTC_c2b47.dir/CheckFunctionExists.cxx.o -o cmTC_c2b47  -lpthreads 
/usr/bin/ld: 找不到 -lpthreads
collect2: error: ld returned 1 exit status
make[1]: *** [CMakeFiles/cmTC_c2b47.dir/build.make:99：cmTC_c2b47] 错误 1
make[1]: 离开目录“/data/home/awu666/lib/MyPorject/AudioVideoProc/build/CMakeFiles/CMakeTmp”
make: *** [Makefile:127：cmTC_c2b47/fast] 错误 2



